0 info it worked if it ends with ok
1 verbose cli [ '/usr/bin/nodejs',
1 verbose cli   '/usr/bin/npm',
1 verbose cli   '--http_proxy=10.3.100.207:8080',
1 verbose cli   'install',
1 verbose cli   'jquery-zoom' ]
2 info using npm@1.3.10
3 info using node@v0.10.25
4 verbose cache add [ 'jquery-zoom', null ]
5 verbose cache add name=undefined spec="jquery-zoom" args=["jquery-zoom",null]
6 verbose parsed url { protocol: null,
6 verbose parsed url   slashes: null,
6 verbose parsed url   auth: null,
6 verbose parsed url   host: null,
6 verbose parsed url   port: null,
6 verbose parsed url   hostname: null,
6 verbose parsed url   hash: null,
6 verbose parsed url   search: null,
6 verbose parsed url   query: null,
6 verbose parsed url   pathname: 'jquery-zoom',
6 verbose parsed url   path: 'jquery-zoom',
6 verbose parsed url   href: 'jquery-zoom' }
7 silly lockFile e6aab5fc-jquery-zoom jquery-zoom
8 verbose lock jquery-zoom /home/dhruv/.npm/e6aab5fc-jquery-zoom.lock
9 silly lockFile e6aab5fc-jquery-zoom jquery-zoom
10 silly lockFile e6aab5fc-jquery-zoom jquery-zoom
11 verbose addNamed [ 'jquery-zoom', '' ]
12 verbose addNamed [ null, '*' ]
13 silly lockFile 62bb8054-jquery-zoom jquery-zoom@
14 verbose lock jquery-zoom@ /home/dhruv/.npm/62bb8054-jquery-zoom.lock
15 silly addNameRange { name: 'jquery-zoom', range: '*', hasData: false }
16 verbose url raw jquery-zoom
17 verbose url resolving [ 'https://registry.npmjs.org/', './jquery-zoom' ]
18 verbose url resolved https://registry.npmjs.org/jquery-zoom
19 info trying registry request attempt 1 at 21:24:43
20 http GET https://registry.npmjs.org/jquery-zoom
21 info retry will retry, error on last attempt: Error: tunneling socket could not be established, cause=140398682892160:error:140770FC:SSL routines:SSL23_GET_SERVER_HELLO:unknown protocol:s23_clnt.c:795:
22 info trying registry request attempt 2 at 21:24:53
23 http GET https://registry.npmjs.org/jquery-zoom
24 info retry will retry, error on last attempt: Error: tunneling socket could not be established, cause=140398682892160:error:140770FC:SSL routines:SSL23_GET_SERVER_HELLO:unknown protocol:s23_clnt.c:795:
25 info trying registry request attempt 3 at 21:25:53
26 http GET https://registry.npmjs.org/jquery-zoom
27 silly lockFile 62bb8054-jquery-zoom jquery-zoom@
28 silly lockFile 62bb8054-jquery-zoom jquery-zoom@
29 error network tunneling socket could not be established, cause=140398682892160:error:140770FC:SSL routines:SSL23_GET_SERVER_HELLO:unknown protocol:s23_clnt.c:795:
29 error network
29 error network This is most likely not a problem with npm itself
29 error network and is related to network connectivity.
29 error network In most cases you are behind a proxy or have bad network settings.
29 error network
29 error network If you are behind a proxy, please make sure that the
29 error network 'proxy' config is set properly.  See: 'npm help config'
30 error System Linux 3.13.0-66-generic
31 error command "/usr/bin/nodejs" "/usr/bin/npm" "--http_proxy=10.3.100.207:8080" "install" "jquery-zoom"
32 error cwd /home/dhruv/Desktop/dhruvjain.github.io
33 error node -v v0.10.25
34 error npm -v 1.3.10
35 error code ECONNRESET
36 verbose exit [ 1, true ]
